<?xml version="1.0" encoding="UTF-8"?>
<!-- Generated by org.testng.reporters.JUnitReportReporter -->
<testsuite hostname="akashd" name="com.LottomaniaAdmin.qa.testcases.RevenueReportDayWiseTest" tests="1" failures="0" timestamp="2 Jul 2021 11:33:38 GMT" time="43.177" errors="0">
  <testcase name="validateRevenueReportDayWise" time="43.177" classname="com.LottomaniaAdmin.qa.testcases.RevenueReportDayWiseTest"/>
</testsuite> <!-- com.LottomaniaAdmin.qa.testcases.RevenueReportDayWiseTest -->
